<?xml version="1.0" encoding="UTF-8"?>
<!-- Generated by org.testng.reporters.JUnitReportReporter -->
<testsuite hostname="LAPTOP-0CIM0MQE" failures="0" tests="1" name="RestAsuredTest.Demo_GetRequest" time="0.742" errors="0" timestamp="2020-06-07T00:58:58 IST" skipped="0">
  <testcase classname="RestAsuredTest.Demo_GetRequest" name="getWeather" time="0.742"/>
  <system-out/>
</testsuite> <!-- RestAsuredTest.Demo_GetRequest -->
